2014-05-23 19:05:05 INFO  CouponsMySqlDAO:56 - creat new HibernateUtility
2014-05-23 19:05:05 INFO  CouponsMySqlDAO:46 - open factory
2014-05-23 19:05:05 INFO  Version:43 - Hibernate Annotations 3.5.5-Final
2014-05-23 19:05:05 INFO  Environment:570 - Hibernate 3.5.5-Final
2014-05-23 19:05:05 INFO  Environment:603 - hibernate.properties not found
2014-05-23 19:05:05 INFO  Environment:781 - Bytecode provider name : javassist
2014-05-23 19:05:05 INFO  Environment:662 - using JDK 1.4 java.sql.Timestamp handling
2014-05-23 19:05:05 INFO  Version:37 - Hibernate Commons Annotations 3.2.0.Final
2014-05-23 19:05:05 INFO  Configuration:1518 - configuring from resource: /hibernate.cfg.xml
2014-05-23 19:05:05 INFO  Configuration:1495 - Configuration resource: /hibernate.cfg.xml
2014-05-23 19:05:05 INFO  Configuration:1633 - Configured SessionFactory: null
2014-05-23 19:05:05 INFO  HibernateSearchEventListenerRegister:75 - Unable to find org.hibernate.search.event.FullTextIndexEventListener on the classpath. Hibernate Search is not enabled.
2014-05-23 19:05:05 INFO  AnnotationBinder:529 - Binding entity from annotated class: il.ac.hit.samples.couponix.db.Coupon
2014-05-23 19:05:05 INFO  EntityBinder:501 - Bind entity il.ac.hit.samples.couponix.db.Coupon on table coupon
2014-05-23 19:05:05 INFO  AnnotationBinder:529 - Binding entity from annotated class: il.ac.hit.samples.couponix.db.Business
2014-05-23 19:05:05 INFO  EntityBinder:501 - Bind entity il.ac.hit.samples.couponix.db.Business on table business
2014-05-23 19:05:05 INFO  AnnotationBinder:529 - Binding entity from annotated class: il.ac.hit.samples.couponix.db.Category
2014-05-23 19:05:05 INFO  EntityBinder:501 - Bind entity il.ac.hit.samples.couponix.db.Category on table category
2014-05-23 19:05:05 INFO  AnnotationBinder:529 - Binding entity from annotated class: il.ac.hit.samples.couponix.db.UserAdmin
2014-05-23 19:05:05 INFO  EntityBinder:501 - Bind entity il.ac.hit.samples.couponix.db.UserAdmin on table Users
2014-05-23 19:05:05 INFO  AnnotationConfiguration:450 - Hibernate Validator not found: ignoring
2014-05-23 19:05:05 INFO  DriverManagerConnectionProvider:64 - Using Hibernate built-in connection pool (not for production use!)
2014-05-23 19:05:05 INFO  DriverManagerConnectionProvider:65 - Hibernate connection pool size: 20
2014-05-23 19:05:05 INFO  DriverManagerConnectionProvider:68 - autocommit mode: false
2014-05-23 19:05:05 INFO  DriverManagerConnectionProvider:103 - using driver: com.mysql.jdbc.Driver at URL: jdbc:mysql://localhost:3306/newtable
2014-05-23 19:05:05 INFO  DriverManagerConnectionProvider:109 - connection properties: {user=root, password=****}
2014-05-23 19:05:06 INFO  SettingsFactory:117 - RDBMS: MySQL, version: 5.5.34
2014-05-23 19:05:06 INFO  SettingsFactory:118 - JDBC driver: MySQL-AB JDBC Driver, version: mysql-connector-java-5.1.13 ( Revision: ${bzr.revision-id} )
2014-05-23 19:05:06 INFO  Dialect:206 - Using dialect: org.hibernate.dialect.MySQLDialect
2014-05-23 19:05:06 INFO  JdbcSupportLoader:79 - Disabling contextual LOB creation as JDBC driver reported JDBC version [3] less than 4
2014-05-23 19:05:06 INFO  TransactionFactoryFactory:59 - Using default transaction strategy (direct JDBC transactions)
2014-05-23 19:05:06 INFO  TransactionManagerLookupFactory:80 - No TransactionManagerLookup configured (in JTA environment, use of read-write or transactional second-level cache is not recommended)
2014-05-23 19:05:06 INFO  SettingsFactory:169 - Automatic flush during beforeCompletion(): disabled
2014-05-23 19:05:06 INFO  SettingsFactory:173 - Automatic session close at end of transaction: disabled
2014-05-23 19:05:06 INFO  SettingsFactory:180 - JDBC batch size: 15
2014-05-23 19:05:06 INFO  SettingsFactory:183 - JDBC batch updates for versioned data: disabled
2014-05-23 19:05:06 INFO  SettingsFactory:188 - Scrollable result sets: enabled
2014-05-23 19:05:06 INFO  SettingsFactory:196 - JDBC3 getGeneratedKeys(): enabled
2014-05-23 19:05:06 INFO  SettingsFactory:204 - Connection release mode: auto
2014-05-23 19:05:06 INFO  SettingsFactory:228 - Maximum outer join fetch depth: 2
2014-05-23 19:05:06 INFO  SettingsFactory:231 - Default batch fetch size: 1
2014-05-23 19:05:06 INFO  SettingsFactory:235 - Generate SQL with comments: disabled
2014-05-23 19:05:06 INFO  SettingsFactory:239 - Order SQL updates by primary key: disabled
2014-05-23 19:05:06 INFO  SettingsFactory:243 - Order SQL inserts for batching: disabled
2014-05-23 19:05:06 INFO  SettingsFactory:410 - Query translator: org.hibernate.hql.ast.ASTQueryTranslatorFactory
2014-05-23 19:05:06 INFO  ASTQueryTranslatorFactory:47 - Using ASTQueryTranslatorFactory
2014-05-23 19:05:06 INFO  SettingsFactory:251 - Query language substitutions: {}
2014-05-23 19:05:06 INFO  SettingsFactory:256 - JPA-QL strict compliance: disabled
2014-05-23 19:05:06 INFO  SettingsFactory:261 - Second-level cache: enabled
2014-05-23 19:05:06 INFO  SettingsFactory:265 - Query cache: disabled
2014-05-23 19:05:06 INFO  SettingsFactory:395 - Cache region factory : org.hibernate.cache.impl.NoCachingRegionFactory
2014-05-23 19:05:06 INFO  SettingsFactory:275 - Optimize cache for minimal puts: disabled
2014-05-23 19:05:06 INFO  SettingsFactory:284 - Structured second-level cache entries: disabled
2014-05-23 19:05:06 INFO  SettingsFactory:313 - Statistics: disabled
2014-05-23 19:05:06 INFO  SettingsFactory:317 - Deleted entity synthetic identifier rollback: disabled
2014-05-23 19:05:06 INFO  SettingsFactory:332 - Default entity-mode: pojo
2014-05-23 19:05:06 INFO  SettingsFactory:336 - Named query checking : enabled
2014-05-23 19:05:06 INFO  SettingsFactory:340 - Check Nullability in Core (should be disabled when Bean Validation is on): enabled
2014-05-23 19:05:06 INFO  SessionFactoryImpl:199 - building session factory
2014-05-23 19:05:06 INFO  SessionFactoryObjectFactory:105 - Not binding factory to JNDI, no JNDI name configured
2014-05-23 19:05:06 INFO  SchemaUpdate:155 - Running hbm2ddl schema update
2014-05-23 19:05:06 INFO  SchemaUpdate:167 - fetching database metadata
2014-05-23 19:05:06 INFO  SchemaUpdate:179 - updating schema
2014-05-23 19:05:06 INFO  TableMetadata:65 - table found: newtable.users
2014-05-23 19:05:06 INFO  TableMetadata:66 - columns: [username, password]
2014-05-23 19:05:06 INFO  TableMetadata:68 - foreign keys: []
2014-05-23 19:05:06 INFO  TableMetadata:69 - indexes: [primary]
2014-05-23 19:05:06 INFO  TableMetadata:65 - table found: newtable.business
2014-05-23 19:05:06 INFO  TableMetadata:66 - columns: [phone, adress, name, business_id]
2014-05-23 19:05:06 INFO  TableMetadata:68 - foreign keys: []
2014-05-23 19:05:06 INFO  TableMetadata:69 - indexes: [primary]
2014-05-23 19:05:06 INFO  TableMetadata:65 - table found: newtable.category
2014-05-23 19:05:06 INFO  TableMetadata:66 - columns: [categoryid, categoryname, image]
2014-05-23 19:05:06 INFO  TableMetadata:68 - foreign keys: []
2014-05-23 19:05:06 INFO  TableMetadata:69 - indexes: [primary]
2014-05-23 19:05:06 INFO  TableMetadata:65 - table found: newtable.coupon
2014-05-23 19:05:06 INFO  TableMetadata:66 - columns: [expire, categoryid, detail, price, coupon_id, name, business_id, image, longitude, latitude, lastdate]
2014-05-23 19:05:06 INFO  TableMetadata:68 - foreign keys: [fkaf42d82686738d9b, fkaf42d826d2117378]
2014-05-23 19:05:06 INFO  TableMetadata:69 - indexes: [fkaf42d82686738d9b, primary, fkaf42d826d2117378]
2014-05-23 19:05:06 INFO  SchemaUpdate:217 - schema update complete
2014-05-23 19:05:07 INFO  CouponsController:1346 - dateExpireCheck Start
2014-05-23 19:05:07 INFO  CouponsMySqlDAO:541 - Get All Object function started
2014-05-23 19:05:07 INFO  CouponsMySqlDAO:551 - Get All Object: [[1,1,Coupon1,/Couponix/couponAdmin/img/755714.jpg, details of coupon here, 2014-05-22 22:45:00.0, Category Name ,false ,32.01439,34.779973], [900100,500100,Columbus Deal,http://dealike.co.il/uploads/coupons/_zS1h.jpg, Daily Deal: not stay hungry! All You Can Eat at Columbus in Herzliya training includes appetizers, main, side dishes, hot drinks and desserts only 99 ?!, 2014-05-31 00:00:00.0, Restaurant ,true ,32.161156,34.809987], [900101,500101,Double Jerusalemy,http://www.deal4all.co.il/imagebank/00627/1396427510-96857_567x378.jpg,  Jerusalem Restaurant  Kosher meat restaurant specializes in kebabs and other delectable dishes, including vegetarian dishes  Preparation of local dishes from fresh ingredients and healthy, 2014-05-30 00:00:00.0, Restaurant ,true ,32.07567,34.772249], [900102,500102,Avazi Hatikva,http://shavhe.co.il/Campaigns/37/2385/Images/2385M.jpg?v=123, Buy unlimited vouchers  - Voucher is valid for 180 days  - Everyone who enters to Facebook and click Like Mkblmtna Lapiislhtzo here  , 2014-05-30 00:00:00.0, Restaurant ,true ,32.05198,34.791597], [900103,500103,Shipud ve mangal deal,http://shavhe.co.il/Campaigns/37/0/CampaignDocs/image/3.jpg, Skewer and grill is a successful restaurant, with seven years of experience and reputation., 2014-06-03 00:00:00.0, Restaurant ,true ,32.083867,34.803115], [900104,500104,Portable drinking bowl dog or cat,http://www.majnoon.co.il/sites/majnoon/_media/deals/0/878_dl_photo_0ba76.jpg, Excellent walks with pet  Also suitable for traveling, 2014-06-04 00:06:00.0, pet ,true ,32.048292,34.769031], [900105,500104,Women's shirts,http://www.majnoon.co.il/sites/majnoon/_media/deals/0/959_dl_photo_08645.jpg, Made of 100% cotton  Veteran American brand  Come as a set of three different colored shirts  Ownership round collar  American sizes S / M / L, 2014-05-30 00:00:00.0, fashion ,true ,32.048292,34.769031], [900106,500104,Shirts for toddlers,http://www.majnoon.co.il/sites/majnoon/_media/deals/0/950_dl_photo_slider4_e43f0.jpg, Shirts from FRUIT OF THE LOOM  Shirts made &#8203;&#8203;of 100% cotton  Suitable for boys and girls  Sizes range Ages 4-10  Not wear out even after many washings, 2014-06-03 00:00:00.0, kids ,true ,32.048292,34.769031], [900107,500105,Smart Tag for animals,http://www.finalsale.co.il/sites/finalsale/_media/deals/2/2485_dl_photo_050f5.jpg, Love your animal? Afraid it would be lost?  Smart tag animal PET CODE  Smart tag that connects to collar the animal.  ? can be scanned by any smartphone.  ? When scanning the tag will output the details of you and your pet and you will get, 2014-05-29 00:00:00.0, pet ,true ,32.035801,34.892697], [900108,500106,Glow in the dark dog collar,http://www.hadealhayomi.co.il/sites/yominew/_media/deals/6096_dl_photo_f4e9a.jpg, Who does not know the problem of dog owners for their night trips. The dog must release. The dog must release tension and release energy during the trip outdoors. Many of the dogs once they release strap, , 2014-06-11 00:00:00.0, pet ,true ,32.60988,35.28655], [900109,500107,Spacious dog kennel,http://www.hadealhayomi.co.il/sites/yominew/_media/deals/5/5329_dl_photo_662e1.jpg, Quality dog kennel pleasant and spacious: made &#8203;&#8203;of durable plastic all-weather, two colors to choose from  &#9830; Dimensions: 80X85X78 cm.  &#9830; colors to choose from: brown - chocolate or beige - green, 2014-06-05 00:00:00.0, pet ,true ,32.174764,34.93968], [900110,500108,Laptop - from Model Lenovo T61,http://www.hadealhayomi.co.il/sites/yominew/_media/deals/7568_dl_photo_6ad36.jpg, From Model Lenovo T61  ? Free Shipping  ? Delivery time - 10 business days every order.  ? Pictures for demonstration purposes only.  ? Errors and omissions excepted  Laptop - from Lenovo T61 model includes a one year warranty + operating system , 2014-06-11 00:00:00.0, Appliances ,true ,32.090649,34.803317], [900111,500108,800W Professional Mixer,http://www.hadealhayomi.co.il/sites/yominew/_media/deals/7405_dl_photo_d3867.jpg, The top of the mixer is made of plastic.  &#9830; 3 Mixers: whipping, mixing, kneading.  &#9830; The mixers are made of cast aluminum.  &#9830; Option cream 3 eggs or more.  &#9830; All accessories one button operated mixer.  &#9830; 6 operating speeds.  , 2014-06-17 00:00:00.0, gift ,true ,32.061813,34.857492], [900112,500109,Advanced mini disc system includes CD,http://www.hadealhayomi.co.il/sites/yominew/_media/deals/7386_dl_photo_90e9b.jpg, Advanced mini disc system includes CD and radio:  &#9830; with Digital Display  ? the possibility of playing discs in CD  &#9830; Radio includes AM / FM  &#9830; Radio Disc Remote Control Included  &#9830; with speakers 2 * 1W RMS , 2014-06-24 00:00:00.0, Appliances ,true ,32.061813,34.857492], [900113,500104,SWIMFREE 2 Parts Swimsuit Children's,http://www.hadealhayomi.co.il/sites/yominew/_media/deals/7123_dl_photo_slider1_68876.jpg, ? The voucher entitles children swimsuit (2 parts).  ? Select the desired model and measure the process of acquisition. , 2014-05-30 00:00:00.0, kids ,true ,32.048292,769031.0], [900114,500104,Overall babies SWIMFREE,http://www.hadealhayomi.co.il/sites/yominew/_media/deals/4/4416_dl_photo_215fe.jpg, Overall toddlers - a full zipper allows maximum comfort when changing diaper, comfortable clothing etc.. Custom made &#8203;&#8203;fabric water dries quickly, blocking solar radiation at the highest level of SPF +50 and resistant to chlorine., 2014-06-17 00:00:00.0, babies ,true ,32.048292,34.769031], [900115,500110,Hot Stone Massage Integrated ,http://dealike.co.il/uploads/coupons/_pM9s.jpg, Hot stones help to improve the general well being which is basically a method of healing and relaxing massage.  , 2014-05-30 00:00:00.0, SPA ,true ,31.240714,34.79163], [900120,500400,Yami yami Pastries,http://www.elis.co.il/_uploads/extraimg/IMG_9012.jpg, Hot and delicious pastries  Baked instead  Terry Terry  Just Yamiiiiii, 2014-06-27 00:00:00.0, Restaurant ,true ,32.013771,34.769397], [900121,500400,PIZZA,http://images.mouse.co.il/storage/3/5/gggggggg.jpg, Best tasting pizza in the world  Baked instead  2 free extras , golomb 20 holon , 2014-05-30 00:00:00.0, Restaurant ,true ,32.016905,34.767751], [900150,500100,pizza pazzzz,http://www.kitchen-line.co.il/files/Categoria/12908549599902.jpg, yami yami yami pizzzzaa, 2014-05-30 00:00:00.0, Restaurant ,true ,32.161834,34.808873]]
2014-05-23 19:05:07 INFO  CouponsMySqlDAO:576 - getAllObject :session close
2014-05-23 19:05:07 INFO  CouponsMySqlDAO:699 - get All Avilable Coupons
2014-05-23 19:05:07 INFO  CouponsMySqlDAO:732 - getAllAvailableCoupons :session close
2014-05-23 19:14:31 INFO  CouponsMySqlDAO:56 - creat new HibernateUtility
2014-05-23 19:14:31 INFO  CouponsMySqlDAO:46 - open factory
2014-05-23 19:14:32 INFO  Version:43 - Hibernate Annotations 3.5.5-Final
2014-05-23 19:14:32 INFO  Environment:570 - Hibernate 3.5.5-Final
2014-05-23 19:14:32 INFO  Environment:603 - hibernate.properties not found
2014-05-23 19:14:32 INFO  Environment:781 - Bytecode provider name : javassist
2014-05-23 19:14:32 INFO  Environment:662 - using JDK 1.4 java.sql.Timestamp handling
2014-05-23 19:14:32 INFO  Version:37 - Hibernate Commons Annotations 3.2.0.Final
2014-05-23 19:14:32 INFO  Configuration:1518 - configuring from resource: /hibernate.cfg.xml
2014-05-23 19:14:32 INFO  Configuration:1495 - Configuration resource: /hibernate.cfg.xml
2014-05-23 19:14:32 INFO  Configuration:1633 - Configured SessionFactory: null
2014-05-23 19:14:32 INFO  HibernateSearchEventListenerRegister:75 - Unable to find org.hibernate.search.event.FullTextIndexEventListener on the classpath. Hibernate Search is not enabled.
2014-05-23 19:14:32 INFO  AnnotationBinder:529 - Binding entity from annotated class: il.ac.hit.samples.couponix.db.Coupon
2014-05-23 19:14:32 INFO  EntityBinder:501 - Bind entity il.ac.hit.samples.couponix.db.Coupon on table coupon
2014-05-23 19:14:32 INFO  AnnotationBinder:529 - Binding entity from annotated class: il.ac.hit.samples.couponix.db.Business
2014-05-23 19:14:32 INFO  EntityBinder:501 - Bind entity il.ac.hit.samples.couponix.db.Business on table business
2014-05-23 19:14:32 INFO  AnnotationBinder:529 - Binding entity from annotated class: il.ac.hit.samples.couponix.db.Category
2014-05-23 19:14:32 INFO  EntityBinder:501 - Bind entity il.ac.hit.samples.couponix.db.Category on table category
2014-05-23 19:14:32 INFO  AnnotationBinder:529 - Binding entity from annotated class: il.ac.hit.samples.couponix.db.UserAdmin
2014-05-23 19:14:32 INFO  EntityBinder:501 - Bind entity il.ac.hit.samples.couponix.db.UserAdmin on table Users
2014-05-23 19:14:32 INFO  AnnotationConfiguration:450 - Hibernate Validator not found: ignoring
2014-05-23 19:14:32 INFO  DriverManagerConnectionProvider:64 - Using Hibernate built-in connection pool (not for production use!)
2014-05-23 19:14:32 INFO  DriverManagerConnectionProvider:65 - Hibernate connection pool size: 20
2014-05-23 19:14:32 INFO  DriverManagerConnectionProvider:68 - autocommit mode: false
2014-05-23 19:14:32 INFO  DriverManagerConnectionProvider:103 - using driver: com.mysql.jdbc.Driver at URL: jdbc:mysql://localhost:3306/newtable
2014-05-23 19:14:32 INFO  DriverManagerConnectionProvider:109 - connection properties: {user=root, password=****}
2014-05-23 19:14:33 INFO  SettingsFactory:117 - RDBMS: MySQL, version: 5.5.34
2014-05-23 19:14:33 INFO  SettingsFactory:118 - JDBC driver: MySQL-AB JDBC Driver, version: mysql-connector-java-5.1.13 ( Revision: ${bzr.revision-id} )
2014-05-23 19:14:33 INFO  Dialect:206 - Using dialect: org.hibernate.dialect.MySQLDialect
2014-05-23 19:14:33 INFO  JdbcSupportLoader:79 - Disabling contextual LOB creation as JDBC driver reported JDBC version [3] less than 4
2014-05-23 19:14:33 INFO  TransactionFactoryFactory:59 - Using default transaction strategy (direct JDBC transactions)
2014-05-23 19:14:33 INFO  TransactionManagerLookupFactory:80 - No TransactionManagerLookup configured (in JTA environment, use of read-write or transactional second-level cache is not recommended)
2014-05-23 19:14:33 INFO  SettingsFactory:169 - Automatic flush during beforeCompletion(): disabled
2014-05-23 19:14:33 INFO  SettingsFactory:173 - Automatic session close at end of transaction: disabled
2014-05-23 19:14:33 INFO  SettingsFactory:180 - JDBC batch size: 15
2014-05-23 19:14:33 INFO  SettingsFactory:183 - JDBC batch updates for versioned data: disabled
2014-05-23 19:14:33 INFO  SettingsFactory:188 - Scrollable result sets: enabled
2014-05-23 19:14:33 INFO  SettingsFactory:196 - JDBC3 getGeneratedKeys(): enabled
2014-05-23 19:14:33 INFO  SettingsFactory:204 - Connection release mode: auto
2014-05-23 19:14:33 INFO  SettingsFactory:228 - Maximum outer join fetch depth: 2
2014-05-23 19:14:33 INFO  SettingsFactory:231 - Default batch fetch size: 1
2014-05-23 19:14:33 INFO  SettingsFactory:235 - Generate SQL with comments: disabled
2014-05-23 19:14:33 INFO  SettingsFactory:239 - Order SQL updates by primary key: disabled
2014-05-23 19:14:33 INFO  SettingsFactory:243 - Order SQL inserts for batching: disabled
2014-05-23 19:14:33 INFO  SettingsFactory:410 - Query translator: org.hibernate.hql.ast.ASTQueryTranslatorFactory
2014-05-23 19:14:33 INFO  ASTQueryTranslatorFactory:47 - Using ASTQueryTranslatorFactory
2014-05-23 19:14:33 INFO  SettingsFactory:251 - Query language substitutions: {}
2014-05-23 19:14:33 INFO  SettingsFactory:256 - JPA-QL strict compliance: disabled
2014-05-23 19:14:33 INFO  SettingsFactory:261 - Second-level cache: enabled
2014-05-23 19:14:33 INFO  SettingsFactory:265 - Query cache: disabled
2014-05-23 19:14:33 INFO  SettingsFactory:395 - Cache region factory : org.hibernate.cache.impl.NoCachingRegionFactory
2014-05-23 19:14:33 INFO  SettingsFactory:275 - Optimize cache for minimal puts: disabled
2014-05-23 19:14:33 INFO  SettingsFactory:284 - Structured second-level cache entries: disabled
2014-05-23 19:14:33 INFO  SettingsFactory:313 - Statistics: disabled
2014-05-23 19:14:33 INFO  SettingsFactory:317 - Deleted entity synthetic identifier rollback: disabled
2014-05-23 19:14:33 INFO  SettingsFactory:332 - Default entity-mode: pojo
2014-05-23 19:14:33 INFO  SettingsFactory:336 - Named query checking : enabled
2014-05-23 19:14:33 INFO  SettingsFactory:340 - Check Nullability in Core (should be disabled when Bean Validation is on): enabled
2014-05-23 19:14:33 INFO  SessionFactoryImpl:199 - building session factory
2014-05-23 19:14:33 INFO  SessionFactoryObjectFactory:105 - Not binding factory to JNDI, no JNDI name configured
2014-05-23 19:14:33 INFO  SchemaUpdate:155 - Running hbm2ddl schema update
2014-05-23 19:14:33 INFO  SchemaUpdate:167 - fetching database metadata
2014-05-23 19:14:33 INFO  SchemaUpdate:179 - updating schema
2014-05-23 19:14:33 INFO  TableMetadata:65 - table found: newtable.users
2014-05-23 19:14:33 INFO  TableMetadata:66 - columns: [username, password]
2014-05-23 19:14:33 INFO  TableMetadata:68 - foreign keys: []
2014-05-23 19:14:33 INFO  TableMetadata:69 - indexes: [primary]
2014-05-23 19:14:33 INFO  TableMetadata:65 - table found: newtable.business
2014-05-23 19:14:33 INFO  TableMetadata:66 - columns: [phone, adress, name, business_id]
2014-05-23 19:14:33 INFO  TableMetadata:68 - foreign keys: []
2014-05-23 19:14:33 INFO  TableMetadata:69 - indexes: [primary]
2014-05-23 19:14:33 INFO  TableMetadata:65 - table found: newtable.category
2014-05-23 19:14:33 INFO  TableMetadata:66 - columns: [categoryid, categoryname, image]
2014-05-23 19:14:33 INFO  TableMetadata:68 - foreign keys: []
2014-05-23 19:14:33 INFO  TableMetadata:69 - indexes: [primary]
2014-05-23 19:14:33 INFO  TableMetadata:65 - table found: newtable.coupon
2014-05-23 19:14:33 INFO  TableMetadata:66 - columns: [expire, categoryid, detail, price, coupon_id, name, business_id, image, longitude, latitude, lastdate]
2014-05-23 19:14:33 INFO  TableMetadata:68 - foreign keys: [fkaf42d82686738d9b, fkaf42d826d2117378]
2014-05-23 19:14:33 INFO  TableMetadata:69 - indexes: [fkaf42d82686738d9b, primary, fkaf42d826d2117378]
2014-05-23 19:14:33 INFO  SchemaUpdate:217 - schema update complete
2014-05-23 19:14:41 INFO  CouponsController:1342 - dateExpireCheck Start
2014-05-23 19:14:41 INFO  CouponsMySqlDAO:541 - Get All Object function started
2014-05-23 19:14:41 INFO  CouponsMySqlDAO:551 - Get All Object: [[1,1,Coupon1,/Couponix/couponAdmin/img/755714.jpg, details of coupon here, 2014-05-22 22:45:00.0, Category Name ,false ,32.01439,34.779973], [900100,500100,Columbus Deal,http://dealike.co.il/uploads/coupons/_zS1h.jpg, Daily Deal: not stay hungry! All You Can Eat at Columbus in Herzliya training includes appetizers, main, side dishes, hot drinks and desserts only 99 ?!, 2014-05-31 00:00:00.0, Restaurant ,true ,32.161156,34.809987], [900101,500101,Double Jerusalemy,http://www.deal4all.co.il/imagebank/00627/1396427510-96857_567x378.jpg,  Jerusalem Restaurant  Kosher meat restaurant specializes in kebabs and other delectable dishes, including vegetarian dishes  Preparation of local dishes from fresh ingredients and healthy, 2014-05-30 00:00:00.0, Restaurant ,true ,32.07567,34.772249], [900102,500102,Avazi Hatikva,http://shavhe.co.il/Campaigns/37/2385/Images/2385M.jpg?v=123, Buy unlimited vouchers  - Voucher is valid for 180 days  - Everyone who enters to Facebook and click Like Mkblmtna Lapiislhtzo here  , 2014-05-30 00:00:00.0, Restaurant ,true ,32.05198,34.791597], [900103,500103,Shipud ve mangal deal,http://shavhe.co.il/Campaigns/37/0/CampaignDocs/image/3.jpg, Skewer and grill is a successful restaurant, with seven years of experience and reputation., 2014-06-03 00:00:00.0, Restaurant ,true ,32.083867,34.803115], [900104,500104,Portable drinking bowl dog or cat,http://www.majnoon.co.il/sites/majnoon/_media/deals/0/878_dl_photo_0ba76.jpg, Excellent walks with pet  Also suitable for traveling, 2014-06-04 00:06:00.0, pet ,true ,32.048292,34.769031], [900105,500104,Women's shirts,http://www.majnoon.co.il/sites/majnoon/_media/deals/0/959_dl_photo_08645.jpg, Made of 100% cotton  Veteran American brand  Come as a set of three different colored shirts  Ownership round collar  American sizes S / M / L, 2014-05-30 00:00:00.0, fashion ,true ,32.048292,34.769031], [900106,500104,Shirts for toddlers,http://www.majnoon.co.il/sites/majnoon/_media/deals/0/950_dl_photo_slider4_e43f0.jpg, Shirts from FRUIT OF THE LOOM  Shirts made &#8203;&#8203;of 100% cotton  Suitable for boys and girls  Sizes range Ages 4-10  Not wear out even after many washings, 2014-06-03 00:00:00.0, kids ,true ,32.048292,34.769031], [900107,500105,Smart Tag for animals,http://www.finalsale.co.il/sites/finalsale/_media/deals/2/2485_dl_photo_050f5.jpg, Love your animal? Afraid it would be lost?  Smart tag animal PET CODE  Smart tag that connects to collar the animal.  ? can be scanned by any smartphone.  ? When scanning the tag will output the details of you and your pet and you will get, 2014-05-29 00:00:00.0, pet ,true ,32.035801,34.892697], [900108,500106,Glow in the dark dog collar,http://www.hadealhayomi.co.il/sites/yominew/_media/deals/6096_dl_photo_f4e9a.jpg, Who does not know the problem of dog owners for their night trips. The dog must release. The dog must release tension and release energy during the trip outdoors. Many of the dogs once they release strap, , 2014-06-11 00:00:00.0, pet ,true ,32.60988,35.28655], [900109,500107,Spacious dog kennel,http://www.hadealhayomi.co.il/sites/yominew/_media/deals/5/5329_dl_photo_662e1.jpg, Quality dog kennel pleasant and spacious: made &#8203;&#8203;of durable plastic all-weather, two colors to choose from  &#9830; Dimensions: 80X85X78 cm.  &#9830; colors to choose from: brown - chocolate or beige - green, 2014-06-05 00:00:00.0, pet ,true ,32.174764,34.93968], [900110,500108,Laptop - from Model Lenovo T61,http://www.hadealhayomi.co.il/sites/yominew/_media/deals/7568_dl_photo_6ad36.jpg, From Model Lenovo T61  ? Free Shipping  ? Delivery time - 10 business days every order.  ? Pictures for demonstration purposes only.  ? Errors and omissions excepted  Laptop - from Lenovo T61 model includes a one year warranty + operating system , 2014-06-11 00:00:00.0, Appliances ,true ,32.090649,34.803317], [900111,500108,800W Professional Mixer,http://www.hadealhayomi.co.il/sites/yominew/_media/deals/7405_dl_photo_d3867.jpg, The top of the mixer is made of plastic.  &#9830; 3 Mixers: whipping, mixing, kneading.  &#9830; The mixers are made of cast aluminum.  &#9830; Option cream 3 eggs or more.  &#9830; All accessories one button operated mixer.  &#9830; 6 operating speeds.  , 2014-06-17 00:00:00.0, gift ,true ,32.061813,34.857492], [900112,500109,Advanced mini disc system includes CD,http://www.hadealhayomi.co.il/sites/yominew/_media/deals/7386_dl_photo_90e9b.jpg, Advanced mini disc system includes CD and radio:  &#9830; with Digital Display  ? the possibility of playing discs in CD  &#9830; Radio includes AM / FM  &#9830; Radio Disc Remote Control Included  &#9830; with speakers 2 * 1W RMS , 2014-06-24 00:00:00.0, Appliances ,true ,32.061813,34.857492], [900113,500104,SWIMFREE 2 Parts Swimsuit Children's,http://www.hadealhayomi.co.il/sites/yominew/_media/deals/7123_dl_photo_slider1_68876.jpg, ? The voucher entitles children swimsuit (2 parts).  ? Select the desired model and measure the process of acquisition. , 2014-05-30 00:00:00.0, kids ,true ,32.048292,769031.0], [900114,500104,Overall babies SWIMFREE,http://www.hadealhayomi.co.il/sites/yominew/_media/deals/4/4416_dl_photo_215fe.jpg, Overall toddlers - a full zipper allows maximum comfort when changing diaper, comfortable clothing etc.. Custom made &#8203;&#8203;fabric water dries quickly, blocking solar radiation at the highest level of SPF +50 and resistant to chlorine., 2014-06-17 00:00:00.0, babies ,true ,32.048292,34.769031], [900115,500110,Hot Stone Massage Integrated ,http://dealike.co.il/uploads/coupons/_pM9s.jpg, Hot stones help to improve the general well being which is basically a method of healing and relaxing massage.  , 2014-05-30 00:00:00.0, SPA ,true ,31.240714,34.79163], [900120,500400,Yami yami Pastries,http://www.elis.co.il/_uploads/extraimg/IMG_9012.jpg, Hot and delicious pastries  Baked instead  Terry Terry  Just Yamiiiiii, 2014-06-27 00:00:00.0, Restaurant ,true ,32.013771,34.769397], [900121,500400,PIZZA,http://images.mouse.co.il/storage/3/5/gggggggg.jpg, Best tasting pizza in the world  Baked instead  2 free extras , golomb 20 holon , 2014-05-30 00:00:00.0, Restaurant ,true ,32.016905,34.767751], [900150,500100,pizza pazzzz,http://www.kitchen-line.co.il/files/Categoria/12908549599902.jpg, yami yami yami pizzzzaa, 2014-05-30 00:00:00.0, Restaurant ,true ,32.161834,34.808873]]
2014-05-23 19:14:41 INFO  CouponsMySqlDAO:576 - getAllObject :session close
2014-05-23 19:14:41 INFO  CouponsMySqlDAO:699 - get All Avilable Coupons
2014-05-23 19:14:41 INFO  CouponsMySqlDAO:732 - getAllAvailableCoupons :session close
2014-05-23 19:14:45 INFO  CouponsMySqlDAO:258 - session close 
2014-05-25 22:39:14 INFO  CouponsMySqlDAO:56 - creat new HibernateUtility
2014-05-25 22:39:14 INFO  CouponsMySqlDAO:46 - open factory
2014-05-25 22:39:14 INFO  Version:43 - Hibernate Annotations 3.5.5-Final
2014-05-25 22:39:14 INFO  Environment:570 - Hibernate 3.5.5-Final
2014-05-25 22:39:14 INFO  Environment:603 - hibernate.properties not found
2014-05-25 22:39:14 INFO  Environment:781 - Bytecode provider name : javassist
2014-05-25 22:39:14 INFO  Environment:662 - using JDK 1.4 java.sql.Timestamp handling
2014-05-25 22:39:14 INFO  Version:37 - Hibernate Commons Annotations 3.2.0.Final
2014-05-25 22:39:14 INFO  Configuration:1518 - configuring from resource: /hibernate.cfg.xml
2014-05-25 22:39:14 INFO  Configuration:1495 - Configuration resource: /hibernate.cfg.xml
2014-05-25 22:39:14 INFO  Configuration:1633 - Configured SessionFactory: null
2014-05-25 22:39:14 INFO  HibernateSearchEventListenerRegister:75 - Unable to find org.hibernate.search.event.FullTextIndexEventListener on the classpath. Hibernate Search is not enabled.
2014-05-25 22:39:14 INFO  AnnotationBinder:529 - Binding entity from annotated class: il.ac.hit.samples.couponix.db.Coupon
2014-05-25 22:39:14 INFO  EntityBinder:501 - Bind entity il.ac.hit.samples.couponix.db.Coupon on table coupon
2014-05-25 22:39:14 INFO  AnnotationBinder:529 - Binding entity from annotated class: il.ac.hit.samples.couponix.db.Business
2014-05-25 22:39:14 INFO  EntityBinder:501 - Bind entity il.ac.hit.samples.couponix.db.Business on table business
2014-05-25 22:39:14 INFO  AnnotationBinder:529 - Binding entity from annotated class: il.ac.hit.samples.couponix.db.Category
2014-05-25 22:39:14 INFO  EntityBinder:501 - Bind entity il.ac.hit.samples.couponix.db.Category on table category
2014-05-25 22:39:14 INFO  AnnotationBinder:529 - Binding entity from annotated class: il.ac.hit.samples.couponix.db.UserAdmin
2014-05-25 22:39:14 INFO  EntityBinder:501 - Bind entity il.ac.hit.samples.couponix.db.UserAdmin on table Users
2014-05-25 22:39:14 INFO  AnnotationConfiguration:450 - Hibernate Validator not found: ignoring
2014-05-25 22:39:14 INFO  DriverManagerConnectionProvider:64 - Using Hibernate built-in connection pool (not for production use!)
2014-05-25 22:39:14 INFO  DriverManagerConnectionProvider:65 - Hibernate connection pool size: 20
2014-05-25 22:39:14 INFO  DriverManagerConnectionProvider:68 - autocommit mode: false
2014-05-25 22:39:14 INFO  DriverManagerConnectionProvider:103 - using driver: com.mysql.jdbc.Driver at URL: jdbc:mysql://localhost:3306/newtable
2014-05-25 22:39:14 INFO  DriverManagerConnectionProvider:109 - connection properties: {user=root, password=****}
2014-05-25 22:39:16 INFO  SettingsFactory:117 - RDBMS: MySQL, version: 5.5.34
2014-05-25 22:39:16 INFO  SettingsFactory:118 - JDBC driver: MySQL-AB JDBC Driver, version: mysql-connector-java-5.1.13 ( Revision: ${bzr.revision-id} )
2014-05-25 22:39:16 INFO  Dialect:206 - Using dialect: org.hibernate.dialect.MySQLDialect
2014-05-25 22:39:16 INFO  JdbcSupportLoader:79 - Disabling contextual LOB creation as JDBC driver reported JDBC version [3] less than 4
2014-05-25 22:39:16 INFO  TransactionFactoryFactory:59 - Using default transaction strategy (direct JDBC transactions)
2014-05-25 22:39:16 INFO  TransactionManagerLookupFactory:80 - No TransactionManagerLookup configured (in JTA environment, use of read-write or transactional second-level cache is not recommended)
2014-05-25 22:39:16 INFO  SettingsFactory:169 - Automatic flush during beforeCompletion(): disabled
2014-05-25 22:39:16 INFO  SettingsFactory:173 - Automatic session close at end of transaction: disabled
2014-05-25 22:39:16 INFO  SettingsFactory:180 - JDBC batch size: 15
2014-05-25 22:39:16 INFO  SettingsFactory:183 - JDBC batch updates for versioned data: disabled
2014-05-25 22:39:16 INFO  SettingsFactory:188 - Scrollable result sets: enabled
2014-05-25 22:39:16 INFO  SettingsFactory:196 - JDBC3 getGeneratedKeys(): enabled
2014-05-25 22:39:16 INFO  SettingsFactory:204 - Connection release mode: auto
2014-05-25 22:39:16 INFO  SettingsFactory:228 - Maximum outer join fetch depth: 2
2014-05-25 22:39:16 INFO  SettingsFactory:231 - Default batch fetch size: 1
2014-05-25 22:39:16 INFO  SettingsFactory:235 - Generate SQL with comments: disabled
2014-05-25 22:39:16 INFO  SettingsFactory:239 - Order SQL updates by primary key: disabled
2014-05-25 22:39:16 INFO  SettingsFactory:243 - Order SQL inserts for batching: disabled
2014-05-25 22:39:16 INFO  SettingsFactory:410 - Query translator: org.hibernate.hql.ast.ASTQueryTranslatorFactory
2014-05-25 22:39:16 INFO  ASTQueryTranslatorFactory:47 - Using ASTQueryTranslatorFactory
2014-05-25 22:39:16 INFO  SettingsFactory:251 - Query language substitutions: {}
2014-05-25 22:39:16 INFO  SettingsFactory:256 - JPA-QL strict compliance: disabled
2014-05-25 22:39:16 INFO  SettingsFactory:261 - Second-level cache: enabled
2014-05-25 22:39:16 INFO  SettingsFactory:265 - Query cache: disabled
2014-05-25 22:39:16 INFO  SettingsFactory:395 - Cache region factory : org.hibernate.cache.impl.NoCachingRegionFactory
2014-05-25 22:39:16 INFO  SettingsFactory:275 - Optimize cache for minimal puts: disabled
2014-05-25 22:39:16 INFO  SettingsFactory:284 - Structured second-level cache entries: disabled
2014-05-25 22:39:16 INFO  SettingsFactory:313 - Statistics: disabled
2014-05-25 22:39:16 INFO  SettingsFactory:317 - Deleted entity synthetic identifier rollback: disabled
2014-05-25 22:39:16 INFO  SettingsFactory:332 - Default entity-mode: pojo
2014-05-25 22:39:16 INFO  SettingsFactory:336 - Named query checking : enabled
2014-05-25 22:39:16 INFO  SettingsFactory:340 - Check Nullability in Core (should be disabled when Bean Validation is on): enabled
2014-05-25 22:39:16 INFO  SessionFactoryImpl:199 - building session factory
2014-05-25 22:39:16 INFO  SessionFactoryObjectFactory:105 - Not binding factory to JNDI, no JNDI name configured
2014-05-25 22:39:16 INFO  SchemaUpdate:155 - Running hbm2ddl schema update
2014-05-25 22:39:16 INFO  SchemaUpdate:167 - fetching database metadata
2014-05-25 22:39:16 INFO  SchemaUpdate:179 - updating schema
2014-05-25 22:39:18 INFO  TableMetadata:65 - table found: newtable.users
2014-05-25 22:39:18 INFO  TableMetadata:66 - columns: [username, password]
2014-05-25 22:39:18 INFO  TableMetadata:68 - foreign keys: []
2014-05-25 22:39:18 INFO  TableMetadata:69 - indexes: [primary]
2014-05-25 22:39:18 INFO  TableMetadata:65 - table found: newtable.business
2014-05-25 22:39:18 INFO  TableMetadata:66 - columns: [phone, adress, name, business_id]
2014-05-25 22:39:18 INFO  TableMetadata:68 - foreign keys: []
2014-05-25 22:39:18 INFO  TableMetadata:69 - indexes: [primary]
2014-05-25 22:39:18 INFO  TableMetadata:65 - table found: newtable.category
2014-05-25 22:39:18 INFO  TableMetadata:66 - columns: [categoryid, categoryname, image]
2014-05-25 22:39:18 INFO  TableMetadata:68 - foreign keys: []
2014-05-25 22:39:18 INFO  TableMetadata:69 - indexes: [primary]
2014-05-25 22:39:19 INFO  TableMetadata:65 - table found: newtable.coupon
2014-05-25 22:39:19 INFO  TableMetadata:66 - columns: [expire, categoryid, detail, price, coupon_id, name, business_id, image, longitude, latitude, lastdate]
2014-05-25 22:39:19 INFO  TableMetadata:68 - foreign keys: [fkaf42d82686738d9b, fkaf42d826d2117378]
2014-05-25 22:39:19 INFO  TableMetadata:69 - indexes: [fkaf42d82686738d9b, primary, fkaf42d826d2117378]
2014-05-25 22:39:19 INFO  SchemaUpdate:217 - schema update complete
2014-05-25 22:39:19 INFO  CouponsMySqlDAO:78 - start creat distance list: 
2014-05-25 22:39:19 INFO  CouponsMySqlDAO:88 - start calculate  distance  
2014-05-25 22:39:19 INFO  CouponsMySqlDAO:104 - distanc between user and coupon: [1,1,Coupon1,/Couponix/couponAdmin/img/755714.jpg, details of coupon here, 2014-05-22 22:45:00.0, Category Name ,false ,32.01439,34.779973] is(meters): 25.873782151086168
2014-05-25 22:39:19 INFO  CouponsMySqlDAO:104 - distanc between user and coupon: [900100,500100,Columbus Deal,http://dealike.co.il/uploads/coupons/_zS1h.jpg, Daily Deal: not stay hungry! All You Can Eat at Columbus in Herzliya training includes appetizers, main, side dishes, hot drinks and desserts only 99 ?!, 2014-05-31 00:00:00.0, Restaurant ,true ,32.161156,34.809987] is(meters): 16566.746462331772
2014-05-25 22:39:19 INFO  CouponsMySqlDAO:104 - distanc between user and coupon: [900101,500101,Double Jerusalemy,http://www.deal4all.co.il/imagebank/00627/1396427510-96857_567x378.jpg,  Jerusalem Restaurant  Kosher meat restaurant specializes in kebabs and other delectable dishes, including vegetarian dishes  Preparation of local dishes from fresh ingredients and healthy, 2014-05-30 00:00:00.0, Restaurant ,true ,32.07567,34.772249] is(meters): 6865.3812857622215
2014-05-25 22:39:19 INFO  CouponsMySqlDAO:104 - distanc between user and coupon: [900102,500102,Avazi Hatikva,http://shavhe.co.il/Campaigns/37/2385/Images/2385M.jpg?v=123, Buy unlimited vouchers  - Voucher is valid for 180 days  - Everyone who enters to Facebook and click Like Mkblmtna Lapiislhtzo here  , 2014-05-30 00:00:00.0, Restaurant ,true ,32.05198,34.791597] is(meters): 4325.585514633624
2014-05-25 22:39:19 INFO  CouponsMySqlDAO:104 - distanc between user and coupon: [900103,500103,Shipud ve mangal deal,http://shavhe.co.il/Campaigns/37/0/CampaignDocs/image/3.jpg, Skewer and grill is a successful restaurant, with seven years of experience and reputation., 2014-06-03 00:00:00.0, Restaurant ,true ,32.083867,34.803115] is(meters): 8030.700419207236
2014-05-25 22:39:19 INFO  CouponsMySqlDAO:104 - distanc between user and coupon: [900104,500104,Portable drinking bowl dog or cat,http://www.majnoon.co.il/sites/majnoon/_media/deals/0/878_dl_photo_0ba76.jpg, Excellent walks with pet  Also suitable for traveling, 2014-06-04 00:06:00.0, pet ,true ,32.048292,34.769031] is(meters): 3924.8178106535966
2014-05-25 22:39:19 INFO  CouponsMySqlDAO:104 - distanc between user and coupon: [900105,500104,Women's shirts,http://www.majnoon.co.il/sites/majnoon/_media/deals/0/959_dl_photo_08645.jpg, Made of 100% cotton  Veteran American brand  Come as a set of three different colored shirts  Ownership round collar  American sizes S / M / L, 2014-05-30 00:00:00.0, fashion ,true ,32.048292,34.769031] is(meters): 3924.8178106535966
2014-05-25 22:39:19 INFO  CouponsMySqlDAO:104 - distanc between user and coupon: [900106,500104,Shirts for toddlers,http://www.majnoon.co.il/sites/majnoon/_media/deals/0/950_dl_photo_slider4_e43f0.jpg, Shirts from FRUIT OF THE LOOM  Shirts made &#8203;&#8203;of 100% cotton  Suitable for boys and girls  Sizes range Ages 4-10  Not wear out even after many washings, 2014-06-03 00:00:00.0, kids ,true ,32.048292,34.769031] is(meters): 3924.8178106535966
2014-05-25 22:39:19 INFO  CouponsMySqlDAO:104 - distanc between user and coupon: [900107,500105,Smart Tag for animals,http://www.finalsale.co.il/sites/finalsale/_media/deals/2/2485_dl_photo_050f5.jpg, Love your animal? Afraid it would be lost?  Smart tag animal PET CODE  Smart tag that connects to collar the animal.  ? can be scanned by any smartphone.  ? When scanning the tag will output the details of you and your pet and you will get, 2014-05-29 00:00:00.0, pet ,true ,32.035801,34.892697] is(meters): 10867.902030319263
2014-05-25 22:39:19 INFO  CouponsMySqlDAO:104 - distanc between user and coupon: [900108,500106,Glow in the dark dog collar,http://www.hadealhayomi.co.il/sites/yominew/_media/deals/6096_dl_photo_f4e9a.jpg, Who does not know the problem of dog owners for their night trips. The dog must release. The dog must release tension and release energy during the trip outdoors. Many of the dogs once they release strap, , 2014-06-11 00:00:00.0, pet ,true ,32.60988,35.28655] is(meters): 81530.83305006623
2014-05-25 22:39:19 INFO  CouponsMySqlDAO:104 - distanc between user and coupon: [900109,500107,Spacious dog kennel,http://www.hadealhayomi.co.il/sites/yominew/_media/deals/5/5329_dl_photo_662e1.jpg, Quality dog kennel pleasant and spacious: made &#8203;&#8203;of durable plastic all-weather, two colors to choose from  &#9830; Dimensions: 80X85X78 cm.  &#9830; colors to choose from: brown - chocolate or beige - green, 2014-06-05 00:00:00.0, pet ,true ,32.174764,34.93968] is(meters): 23320.249748682585
2014-05-25 22:39:19 INFO  CouponsMySqlDAO:104 - distanc between user and coupon: [900110,500108,Laptop - from Model Lenovo T61,http://www.hadealhayomi.co.il/sites/yominew/_media/deals/7568_dl_photo_6ad36.jpg, From Model Lenovo T61  ? Free Shipping  ? Delivery time - 10 business days every order.  ? Pictures for demonstration purposes only.  ? Errors and omissions excepted  Laptop - from Lenovo T61 model includes a one year warranty + operating system , 2014-06-11 00:00:00.0, Appliances ,true ,32.090649,34.803317] is(meters): 8763.973131928276
2014-05-25 22:39:19 INFO  CouponsMySqlDAO:104 - distanc between user and coupon: [900111,500108,800W Professional Mixer,http://www.hadealhayomi.co.il/sites/yominew/_media/deals/7405_dl_photo_d3867.jpg, The top of the mixer is made of plastic.  &#9830; 3 Mixers: whipping, mixing, kneading.  &#9830; The mixers are made of cast aluminum.  &#9830; Option cream 3 eggs or more.  &#9830; All accessories one button operated mixer.  &#9830; 6 operating speeds.  , 2014-06-17 00:00:00.0, gift ,true ,32.061813,34.857492] is(meters): 8997.117769863897
2014-05-25 22:39:19 INFO  CouponsMySqlDAO:104 - distanc between user and coupon: [900112,500109,Advanced mini disc system includes CD,http://www.hadealhayomi.co.il/sites/yominew/_media/deals/7386_dl_photo_90e9b.jpg, Advanced mini disc system includes CD and radio:  &#9830; with Digital Display  ? the possibility of playing discs in CD  &#9830; Radio includes AM / FM  &#9830; Radio Disc Remote Control Included  &#9830; with speakers 2 * 1W RMS , 2014-06-24 00:00:00.0, Appliances ,true ,32.061813,34.857492] is(meters): 8997.117769863897
2014-05-25 22:39:19 INFO  CouponsMySqlDAO:104 - distanc between user and coupon: [900113,500104,SWIMFREE 2 Parts Swimsuit Children's,http://www.hadealhayomi.co.il/sites/yominew/_media/deals/7123_dl_photo_slider1_68876.jpg, ? The voucher entitles children swimsuit (2 parts).  ? Select the desired model and measure the process of acquisition. , 2014-05-30 00:00:00.0, kids ,true ,32.048292,769031.0] is(meters): 3397141.567823599
2014-05-25 22:39:19 INFO  CouponsMySqlDAO:104 - distanc between user and coupon: [900114,500104,Overall babies SWIMFREE,http://www.hadealhayomi.co.il/sites/yominew/_media/deals/4/4416_dl_photo_215fe.jpg, Overall toddlers - a full zipper allows maximum comfort when changing diaper, comfortable clothing etc.. Custom made &#8203;&#8203;fabric water dries quickly, blocking solar radiation at the highest level of SPF +50 and resistant to chlorine., 2014-06-17 00:00:00.0, babies ,true ,32.048292,34.769031] is(meters): 3924.8178106535966
2014-05-25 22:39:19 INFO  CouponsMySqlDAO:104 - distanc between user and coupon: [900115,500110,Hot Stone Massage Integrated ,http://dealike.co.il/uploads/coupons/_pM9s.jpg, Hot stones help to improve the general well being which is basically a method of healing and relaxing massage.  , 2014-05-30 00:00:00.0, SPA ,true ,31.240714,34.79163] is(meters): 86005.48527142782
2014-05-25 22:39:19 INFO  CouponsMySqlDAO:104 - distanc between user and coupon: [900120,500400,Yami yami Pastries,http://www.elis.co.il/_uploads/extraimg/IMG_9012.jpg, Hot and delicious pastries  Baked instead  Terry Terry  Just Yamiiiiii, 2014-06-27 00:00:00.0, Restaurant ,true ,32.013771,34.769397] is(meters): 1021.6505072125037
2014-05-25 22:39:19 INFO  CouponsMySqlDAO:104 - distanc between user and coupon: [900121,500400,PIZZA,http://images.mouse.co.il/storage/3/5/gggggggg.jpg, Best tasting pizza in the world  Baked instead  2 free extras , golomb 20 holon , 2014-05-30 00:00:00.0, Restaurant ,true ,32.016905,34.767751] is(meters): 1210.733592239368
2014-05-25 22:39:19 INFO  CouponsMySqlDAO:104 - distanc between user and coupon: [900150,500100,pizza pazzzz,http://www.kitchen-line.co.il/files/Categoria/12908549599902.jpg, yami yami yami pizzzzaa, 2014-05-30 00:00:00.0, Restaurant ,true ,32.161834,34.808873] is(meters): 16623.679054289558
2014-05-25 22:39:19 INFO  CouponsMySqlDAO:113 - The list was sorted : [[25.873782151086168,  [1,1,Coupon1,/Couponix/couponAdmin/img/755714.jpg, details of coupon here, 2014-05-22 22:45:00.0, Category Name ,false ,32.01439,34.779973]], [1021.6505072125037,  [900120,500400,Yami yami Pastries,http://www.elis.co.il/_uploads/extraimg/IMG_9012.jpg, Hot and delicious pastries  Baked instead  Terry Terry  Just Yamiiiiii, 2014-06-27 00:00:00.0, Restaurant ,true ,32.013771,34.769397]], [1210.733592239368,  [900121,500400,PIZZA,http://images.mouse.co.il/storage/3/5/gggggggg.jpg, Best tasting pizza in the world  Baked instead  2 free extras , golomb 20 holon , 2014-05-30 00:00:00.0, Restaurant ,true ,32.016905,34.767751]], [3924.8178106535966,  [900104,500104,Portable drinking bowl dog or cat,http://www.majnoon.co.il/sites/majnoon/_media/deals/0/878_dl_photo_0ba76.jpg, Excellent walks with pet  Also suitable for traveling, 2014-06-04 00:06:00.0, pet ,true ,32.048292,34.769031]], [3924.8178106535966,  [900105,500104,Women's shirts,http://www.majnoon.co.il/sites/majnoon/_media/deals/0/959_dl_photo_08645.jpg, Made of 100% cotton  Veteran American brand  Come as a set of three different colored shirts  Ownership round collar  American sizes S / M / L, 2014-05-30 00:00:00.0, fashion ,true ,32.048292,34.769031]], [3924.8178106535966,  [900106,500104,Shirts for toddlers,http://www.majnoon.co.il/sites/majnoon/_media/deals/0/950_dl_photo_slider4_e43f0.jpg, Shirts from FRUIT OF THE LOOM  Shirts made &#8203;&#8203;of 100% cotton  Suitable for boys and girls  Sizes range Ages 4-10  Not wear out even after many washings, 2014-06-03 00:00:00.0, kids ,true ,32.048292,34.769031]], [3924.8178106535966,  [900114,500104,Overall babies SWIMFREE,http://www.hadealhayomi.co.il/sites/yominew/_media/deals/4/4416_dl_photo_215fe.jpg, Overall toddlers - a full zipper allows maximum comfort when changing diaper, comfortable clothing etc.. Custom made &#8203;&#8203;fabric water dries quickly, blocking solar radiation at the highest level of SPF +50 and resistant to chlorine., 2014-06-17 00:00:00.0, babies ,true ,32.048292,34.769031]], [4325.585514633624,  [900102,500102,Avazi Hatikva,http://shavhe.co.il/Campaigns/37/2385/Images/2385M.jpg?v=123, Buy unlimited vouchers  - Voucher is valid for 180 days  - Everyone who enters to Facebook and click Like Mkblmtna Lapiislhtzo here  , 2014-05-30 00:00:00.0, Restaurant ,true ,32.05198,34.791597]], [6865.3812857622215,  [900101,500101,Double Jerusalemy,http://www.deal4all.co.il/imagebank/00627/1396427510-96857_567x378.jpg,  Jerusalem Restaurant  Kosher meat restaurant specializes in kebabs and other delectable dishes, including vegetarian dishes  Preparation of local dishes from fresh ingredients and healthy, 2014-05-30 00:00:00.0, Restaurant ,true ,32.07567,34.772249]], [8030.700419207236,  [900103,500103,Shipud ve mangal deal,http://shavhe.co.il/Campaigns/37/0/CampaignDocs/image/3.jpg, Skewer and grill is a successful restaurant, with seven years of experience and reputation., 2014-06-03 00:00:00.0, Restaurant ,true ,32.083867,34.803115]], [8763.973131928276,  [900110,500108,Laptop - from Model Lenovo T61,http://www.hadealhayomi.co.il/sites/yominew/_media/deals/7568_dl_photo_6ad36.jpg, From Model Lenovo T61  ? Free Shipping  ? Delivery time - 10 business days every order.  ? Pictures for demonstration purposes only.  ? Errors and omissions excepted  Laptop - from Lenovo T61 model includes a one year warranty + operating system , 2014-06-11 00:00:00.0, Appliances ,true ,32.090649,34.803317]], [8997.117769863897,  [900111,500108,800W Professional Mixer,http://www.hadealhayomi.co.il/sites/yominew/_media/deals/7405_dl_photo_d3867.jpg, The top of the mixer is made of plastic.  &#9830; 3 Mixers: whipping, mixing, kneading.  &#9830; The mixers are made of cast aluminum.  &#9830; Option cream 3 eggs or more.  &#9830; All accessories one button operated mixer.  &#9830; 6 operating speeds.  , 2014-06-17 00:00:00.0, gift ,true ,32.061813,34.857492]], [8997.117769863897,  [900112,500109,Advanced mini disc system includes CD,http://www.hadealhayomi.co.il/sites/yominew/_media/deals/7386_dl_photo_90e9b.jpg, Advanced mini disc system includes CD and radio:  &#9830; with Digital Display  ? the possibility of playing discs in CD  &#9830; Radio includes AM / FM  &#9830; Radio Disc Remote Control Included  &#9830; with speakers 2 * 1W RMS , 2014-06-24 00:00:00.0, Appliances ,true ,32.061813,34.857492]], [10867.902030319263,  [900107,500105,Smart Tag for animals,http://www.finalsale.co.il/sites/finalsale/_media/deals/2/2485_dl_photo_050f5.jpg, Love your animal? Afraid it would be lost?  Smart tag animal PET CODE  Smart tag that connects to collar the animal.  ? can be scanned by any smartphone.  ? When scanning the tag will output the details of you and your pet and you will get, 2014-05-29 00:00:00.0, pet ,true ,32.035801,34.892697]], [16566.746462331772,  [900100,500100,Columbus Deal,http://dealike.co.il/uploads/coupons/_zS1h.jpg, Daily Deal: not stay hungry! All You Can Eat at Columbus in Herzliya training includes appetizers, main, side dishes, hot drinks and desserts only 99 ?!, 2014-05-31 00:00:00.0, Restaurant ,true ,32.161156,34.809987]], [16623.679054289558,  [900150,500100,pizza pazzzz,http://www.kitchen-line.co.il/files/Categoria/12908549599902.jpg, yami yami yami pizzzzaa, 2014-05-30 00:00:00.0, Restaurant ,true ,32.161834,34.808873]], [23320.249748682585,  [900109,500107,Spacious dog kennel,http://www.hadealhayomi.co.il/sites/yominew/_media/deals/5/5329_dl_photo_662e1.jpg, Quality dog kennel pleasant and spacious: made &#8203;&#8203;of durable plastic all-weather, two colors to choose from  &#9830; Dimensions: 80X85X78 cm.  &#9830; colors to choose from: brown - chocolate or beige - green, 2014-06-05 00:00:00.0, pet ,true ,32.174764,34.93968]], [81530.83305006623,  [900108,500106,Glow in the dark dog collar,http://www.hadealhayomi.co.il/sites/yominew/_media/deals/6096_dl_photo_f4e9a.jpg, Who does not know the problem of dog owners for their night trips. The dog must release. The dog must release tension and release energy during the trip outdoors. Many of the dogs once they release strap, , 2014-06-11 00:00:00.0, pet ,true ,32.60988,35.28655]], [86005.48527142782,  [900115,500110,Hot Stone Massage Integrated ,http://dealike.co.il/uploads/coupons/_pM9s.jpg, Hot stones help to improve the general well being which is basically a method of healing and relaxing massage.  , 2014-05-30 00:00:00.0, SPA ,true ,31.240714,34.79163]], [3397141.567823599,  [900113,500104,SWIMFREE 2 Parts Swimsuit Children's,http://www.hadealhayomi.co.il/sites/yominew/_media/deals/7123_dl_photo_slider1_68876.jpg, ? The voucher entitles children swimsuit (2 parts).  ? Select the desired model and measure the process of acquisition. , 2014-05-30 00:00:00.0, kids ,true ,32.048292,769031.0]]]
2014-05-25 22:39:19 INFO  CouponsMySqlDAO:171 - start creat coupon list clossest to user place till +2000.0
2014-05-25 22:39:19 INFO  CouponsMySqlDAO:120 - return coupons list that order by distance and colsest till 2 km :[[1,1,Coupon1,/Couponix/couponAdmin/img/755714.jpg, details of coupon here, 2014-05-22 22:45:00.0, Category Name ,false ,32.01439,34.779973], [900100,500100,Columbus Deal,http://dealike.co.il/uploads/coupons/_zS1h.jpg, Daily Deal: not stay hungry! All You Can Eat at Columbus in Herzliya training includes appetizers, main, side dishes, hot drinks and desserts only 99 ?!, 2014-05-31 00:00:00.0, Restaurant ,true ,32.161156,34.809987], [900101,500101,Double Jerusalemy,http://www.deal4all.co.il/imagebank/00627/1396427510-96857_567x378.jpg,  Jerusalem Restaurant  Kosher meat restaurant specializes in kebabs and other delectable dishes, including vegetarian dishes  Preparation of local dishes from fresh ingredients and healthy, 2014-05-30 00:00:00.0, Restaurant ,true ,32.07567,34.772249], [900102,500102,Avazi Hatikva,http://shavhe.co.il/Campaigns/37/2385/Images/2385M.jpg?v=123, Buy unlimited vouchers  - Voucher is valid for 180 days  - Everyone who enters to Facebook and click Like Mkblmtna Lapiislhtzo here  , 2014-05-30 00:00:00.0, Restaurant ,true ,32.05198,34.791597], [900103,500103,Shipud ve mangal deal,http://shavhe.co.il/Campaigns/37/0/CampaignDocs/image/3.jpg, Skewer and grill is a successful restaurant, with seven years of experience and reputation., 2014-06-03 00:00:00.0, Restaurant ,true ,32.083867,34.803115], [900104,500104,Portable drinking bowl dog or cat,http://www.majnoon.co.il/sites/majnoon/_media/deals/0/878_dl_photo_0ba76.jpg, Excellent walks with pet  Also suitable for traveling, 2014-06-04 00:06:00.0, pet ,true ,32.048292,34.769031], [900105,500104,Women's shirts,http://www.majnoon.co.il/sites/majnoon/_media/deals/0/959_dl_photo_08645.jpg, Made of 100% cotton  Veteran American brand  Come as a set of three different colored shirts  Ownership round collar  American sizes S / M / L, 2014-05-30 00:00:00.0, fashion ,true ,32.048292,34.769031], [900106,500104,Shirts for toddlers,http://www.majnoon.co.il/sites/majnoon/_media/deals/0/950_dl_photo_slider4_e43f0.jpg, Shirts from FRUIT OF THE LOOM  Shirts made &#8203;&#8203;of 100% cotton  Suitable for boys and girls  Sizes range Ages 4-10  Not wear out even after many washings, 2014-06-03 00:00:00.0, kids ,true ,32.048292,34.769031], [900107,500105,Smart Tag for animals,http://www.finalsale.co.il/sites/finalsale/_media/deals/2/2485_dl_photo_050f5.jpg, Love your animal? Afraid it would be lost?  Smart tag animal PET CODE  Smart tag that connects to collar the animal.  ? can be scanned by any smartphone.  ? When scanning the tag will output the details of you and your pet and you will get, 2014-05-29 00:00:00.0, pet ,true ,32.035801,34.892697], [900108,500106,Glow in the dark dog collar,http://www.hadealhayomi.co.il/sites/yominew/_media/deals/6096_dl_photo_f4e9a.jpg, Who does not know the problem of dog owners for their night trips. The dog must release. The dog must release tension and release energy during the trip outdoors. Many of the dogs once they release strap, , 2014-06-11 00:00:00.0, pet ,true ,32.60988,35.28655], [900109,500107,Spacious dog kennel,http://www.hadealhayomi.co.il/sites/yominew/_media/deals/5/5329_dl_photo_662e1.jpg, Quality dog kennel pleasant and spacious: made &#8203;&#8203;of durable plastic all-weather, two colors to choose from  &#9830; Dimensions: 80X85X78 cm.  &#9830; colors to choose from: brown - chocolate or beige - green, 2014-06-05 00:00:00.0, pet ,true ,32.174764,34.93968], [900110,500108,Laptop - from Model Lenovo T61,http://www.hadealhayomi.co.il/sites/yominew/_media/deals/7568_dl_photo_6ad36.jpg, From Model Lenovo T61  ? Free Shipping  ? Delivery time - 10 business days every order.  ? Pictures for demonstration purposes only.  ? Errors and omissions excepted  Laptop - from Lenovo T61 model includes a one year warranty + operating system , 2014-06-11 00:00:00.0, Appliances ,true ,32.090649,34.803317], [900111,500108,800W Professional Mixer,http://www.hadealhayomi.co.il/sites/yominew/_media/deals/7405_dl_photo_d3867.jpg, The top of the mixer is made of plastic.  &#9830; 3 Mixers: whipping, mixing, kneading.  &#9830; The mixers are made of cast aluminum.  &#9830; Option cream 3 eggs or more.  &#9830; All accessories one button operated mixer.  &#9830; 6 operating speeds.  , 2014-06-17 00:00:00.0, gift ,true ,32.061813,34.857492], [900112,500109,Advanced mini disc system includes CD,http://www.hadealhayomi.co.il/sites/yominew/_media/deals/7386_dl_photo_90e9b.jpg, Advanced mini disc system includes CD and radio:  &#9830; with Digital Display  ? the possibility of playing discs in CD  &#9830; Radio includes AM / FM  &#9830; Radio Disc Remote Control Included  &#9830; with speakers 2 * 1W RMS , 2014-06-24 00:00:00.0, Appliances ,true ,32.061813,34.857492], [900113,500104,SWIMFREE 2 Parts Swimsuit Children's,http://www.hadealhayomi.co.il/sites/yominew/_media/deals/7123_dl_photo_slider1_68876.jpg, ? The voucher entitles children swimsuit (2 parts).  ? Select the desired model and measure the process of acquisition. , 2014-05-30 00:00:00.0, kids ,true ,32.048292,769031.0], [900114,500104,Overall babies SWIMFREE,http://www.hadealhayomi.co.il/sites/yominew/_media/deals/4/4416_dl_photo_215fe.jpg, Overall toddlers - a full zipper allows maximum comfort when changing diaper, comfortable clothing etc.. Custom made &#8203;&#8203;fabric water dries quickly, blocking solar radiation at the highest level of SPF +50 and resistant to chlorine., 2014-06-17 00:00:00.0, babies ,true ,32.048292,34.769031], [900115,500110,Hot Stone Massage Integrated ,http://dealike.co.il/uploads/coupons/_pM9s.jpg, Hot stones help to improve the general well being which is basically a method of healing and relaxing massage.  , 2014-05-30 00:00:00.0, SPA ,true ,31.240714,34.79163], [900120,500400,Yami yami Pastries,http://www.elis.co.il/_uploads/extraimg/IMG_9012.jpg, Hot and delicious pastries  Baked instead  Terry Terry  Just Yamiiiiii, 2014-06-27 00:00:00.0, Restaurant ,true ,32.013771,34.769397], [900121,500400,PIZZA,http://images.mouse.co.il/storage/3/5/gggggggg.jpg, Best tasting pizza in the world  Baked instead  2 free extras , golomb 20 holon , 2014-05-30 00:00:00.0, Restaurant ,true ,32.016905,34.767751], [900150,500100,pizza pazzzz,http://www.kitchen-line.co.il/files/Categoria/12908549599902.jpg, yami yami yami pizzzzaa, 2014-05-30 00:00:00.0, Restaurant ,true ,32.161834,34.808873]]
2014-05-25 22:39:19 INFO  CouponsMySqlDAO:137 - session close 
2014-05-25 22:39:25 INFO  CouponsMySqlDAO:258 - session close 
2014-05-25 22:39:33 INFO  CouponsMySqlDAO:258 - session close 
2014-05-25 22:39:37 INFO  CouponsMySqlDAO:258 - session close 
2014-05-25 22:39:40 INFO  CouponsMySqlDAO:258 - session close 
2014-05-25 22:39:44 INFO  CouponsMySqlDAO:258 - session close 
2014-05-25 22:39:56 INFO  CouponsMySqlDAO:258 - session close 
2014-05-25 22:40:03 INFO  CouponsMySqlDAO:699 - get All Avilable Coupons
2014-05-25 22:40:03 INFO  CouponsMySqlDAO:732 - getAllAvailableCoupons :session close
2014-05-25 22:40:03 INFO  FavoriteInventory:43 - list of coupon to shoppingCart:[[900100,500100,Columbus Deal,http://dealike.co.il/uploads/coupons/_zS1h.jpg, Daily Deal: not stay hungry! All You Can Eat at Columbus in Herzliya training includes appetizers, main, side dishes, hot drinks and desserts only 99 ?!, 2014-05-31 00:00:00.0, Restaurant ,true ,32.161156,34.809987], [900101,500101,Double Jerusalemy,http://www.deal4all.co.il/imagebank/00627/1396427510-96857_567x378.jpg,  Jerusalem Restaurant  Kosher meat restaurant specializes in kebabs and other delectable dishes, including vegetarian dishes  Preparation of local dishes from fresh ingredients and healthy, 2014-05-30 00:00:00.0, Restaurant ,true ,32.07567,34.772249], [900102,500102,Avazi Hatikva,http://shavhe.co.il/Campaigns/37/2385/Images/2385M.jpg?v=123, Buy unlimited vouchers  - Voucher is valid for 180 days  - Everyone who enters to Facebook and click Like Mkblmtna Lapiislhtzo here  , 2014-05-30 00:00:00.0, Restaurant ,true ,32.05198,34.791597], [900103,500103,Shipud ve mangal deal,http://shavhe.co.il/Campaigns/37/0/CampaignDocs/image/3.jpg, Skewer and grill is a successful restaurant, with seven years of experience and reputation., 2014-06-03 00:00:00.0, Restaurant ,true ,32.083867,34.803115], [900104,500104,Portable drinking bowl dog or cat,http://www.majnoon.co.il/sites/majnoon/_media/deals/0/878_dl_photo_0ba76.jpg, Excellent walks with pet  Also suitable for traveling, 2014-06-04 00:06:00.0, pet ,true ,32.048292,34.769031], [900105,500104,Women's shirts,http://www.majnoon.co.il/sites/majnoon/_media/deals/0/959_dl_photo_08645.jpg, Made of 100% cotton  Veteran American brand  Come as a set of three different colored shirts  Ownership round collar  American sizes S / M / L, 2014-05-30 00:00:00.0, fashion ,true ,32.048292,34.769031], [900106,500104,Shirts for toddlers,http://www.majnoon.co.il/sites/majnoon/_media/deals/0/950_dl_photo_slider4_e43f0.jpg, Shirts from FRUIT OF THE LOOM  Shirts made &#8203;&#8203;of 100% cotton  Suitable for boys and girls  Sizes range Ages 4-10  Not wear out even after many washings, 2014-06-03 00:00:00.0, kids ,true ,32.048292,34.769031], [900107,500105,Smart Tag for animals,http://www.finalsale.co.il/sites/finalsale/_media/deals/2/2485_dl_photo_050f5.jpg, Love your animal? Afraid it would be lost?  Smart tag animal PET CODE  Smart tag that connects to collar the animal.  ? can be scanned by any smartphone.  ? When scanning the tag will output the details of you and your pet and you will get, 2014-05-29 00:00:00.0, pet ,true ,32.035801,34.892697], [900108,500106,Glow in the dark dog collar,http://www.hadealhayomi.co.il/sites/yominew/_media/deals/6096_dl_photo_f4e9a.jpg, Who does not know the problem of dog owners for their night trips. The dog must release. The dog must release tension and release energy during the trip outdoors. Many of the dogs once they release strap, , 2014-06-11 00:00:00.0, pet ,true ,32.60988,35.28655], [900109,500107,Spacious dog kennel,http://www.hadealhayomi.co.il/sites/yominew/_media/deals/5/5329_dl_photo_662e1.jpg, Quality dog kennel pleasant and spacious: made &#8203;&#8203;of durable plastic all-weather, two colors to choose from  &#9830; Dimensions: 80X85X78 cm.  &#9830; colors to choose from: brown - chocolate or beige - green, 2014-06-05 00:00:00.0, pet ,true ,32.174764,34.93968], [900110,500108,Laptop - from Model Lenovo T61,http://www.hadealhayomi.co.il/sites/yominew/_media/deals/7568_dl_photo_6ad36.jpg, From Model Lenovo T61  ? Free Shipping  ? Delivery time - 10 business days every order.  ? Pictures for demonstration purposes only.  ? Errors and omissions excepted  Laptop - from Lenovo T61 model includes a one year warranty + operating system , 2014-06-11 00:00:00.0, Appliances ,true ,32.090649,34.803317], [900111,500108,800W Professional Mixer,http://www.hadealhayomi.co.il/sites/yominew/_media/deals/7405_dl_photo_d3867.jpg, The top of the mixer is made of plastic.  &#9830; 3 Mixers: whipping, mixing, kneading.  &#9830; The mixers are made of cast aluminum.  &#9830; Option cream 3 eggs or more.  &#9830; All accessories one button operated mixer.  &#9830; 6 operating speeds.  , 2014-06-17 00:00:00.0, gift ,true ,32.061813,34.857492], [900112,500109,Advanced mini disc system includes CD,http://www.hadealhayomi.co.il/sites/yominew/_media/deals/7386_dl_photo_90e9b.jpg, Advanced mini disc system includes CD and radio:  &#9830; with Digital Display  ? the possibility of playing discs in CD  &#9830; Radio includes AM / FM  &#9830; Radio Disc Remote Control Included  &#9830; with speakers 2 * 1W RMS , 2014-06-24 00:00:00.0, Appliances ,true ,32.061813,34.857492], [900113,500104,SWIMFREE 2 Parts Swimsuit Children's,http://www.hadealhayomi.co.il/sites/yominew/_media/deals/7123_dl_photo_slider1_68876.jpg, ? The voucher entitles children swimsuit (2 parts).  ? Select the desired model and measure the process of acquisition. , 2014-05-30 00:00:00.0, kids ,true ,32.048292,769031.0], [900114,500104,Overall babies SWIMFREE,http://www.hadealhayomi.co.il/sites/yominew/_media/deals/4/4416_dl_photo_215fe.jpg, Overall toddlers - a full zipper allows maximum comfort when changing diaper, comfortable clothing etc.. Custom made &#8203;&#8203;fabric water dries quickly, blocking solar radiation at the highest level of SPF +50 and resistant to chlorine., 2014-06-17 00:00:00.0, babies ,true ,32.048292,34.769031], [900115,500110,Hot Stone Massage Integrated ,http://dealike.co.il/uploads/coupons/_pM9s.jpg, Hot stones help to improve the general well being which is basically a method of healing and relaxing massage.  , 2014-05-30 00:00:00.0, SPA ,true ,31.240714,34.79163], [900120,500400,Yami yami Pastries,http://www.elis.co.il/_uploads/extraimg/IMG_9012.jpg, Hot and delicious pastries  Baked instead  Terry Terry  Just Yamiiiiii, 2014-06-27 00:00:00.0, Restaurant ,true ,32.013771,34.769397], [900121,500400,PIZZA,http://images.mouse.co.il/storage/3/5/gggggggg.jpg, Best tasting pizza in the world  Baked instead  2 free extras , golomb 20 holon , 2014-05-30 00:00:00.0, Restaurant ,true ,32.016905,34.767751], [900150,500100,pizza pazzzz,http://www.kitchen-line.co.il/files/Categoria/12908549599902.jpg, yami yami yami pizzzzaa, 2014-05-30 00:00:00.0, Restaurant ,true ,32.161834,34.808873]]
2014-05-25 22:40:03 INFO  ShoppingCart:69 - list view create succesfull
2014-05-25 22:40:08 INFO  ShoppingCart:69 - list view create succesfull
2014-05-25 22:40:11 INFO  CouponsMySqlDAO:541 - Get All Object function started
2014-05-25 22:40:11 INFO  CouponsMySqlDAO:551 - Get All Object: [[1,Category Name,http://www.downstech.com.au/images/computer.jpg], [200100,Restaurant,http://www.iphoneil.net/icone/74549-icon.png], [200101,SPA,http://us.123rf.com/450wm/grgroup/grgroup1210/grgroup121000404/15889583-illustration-of-spa-icon-silhouette-with-position-of-rest-and-relaxation-vector-illustration.jpg], [200103,fashion,http://thumbs.dreamstime.com/x/fashion-icon-18366606.jpg], [200104,Appliances,http://thumbs.dreamstime.com/z/house-appliances-icon-color-set-33800647.jpg], [200105,babies,http://i.istockimg.com/file_thumbview_approve/7281946/2/stock-illustration-7281946-icon-set-babies.jpg], [200106,pet,http://thumbs.dreamstime.com/z/pets-icons-28777212.jpg], [200107,sport,http://thumbs.dreamstime.com/z/sport-icon-set-icons-31583430.jpg], [200108,atraction,http://thumb10.shutterstock.com/display_pic_with_logo/1364584/133152923/stock-vector-amusement-park-icons-133152923.jpg], [200109,gift,http://wcdn1.dataknet.com/static/resources/icons/set15/9110561d3ba50.png], [200110,kids,http://www.campaignforchildrennyc.com/wp-content/uploads/2012/03/KidsIcon.jpg]]
2014-05-25 22:40:11 INFO  CouponsMySqlDAO:576 - getAllObject :session close
2014-05-25 22:40:18 INFO  CouponsMySqlDAO:541 - Get All Object function started
2014-05-25 22:40:18 INFO  CouponsMySqlDAO:551 - Get All Object: [[1,Category Name,http://www.downstech.com.au/images/computer.jpg], [200100,Restaurant,http://www.iphoneil.net/icone/74549-icon.png], [200101,SPA,http://us.123rf.com/450wm/grgroup/grgroup1210/grgroup121000404/15889583-illustration-of-spa-icon-silhouette-with-position-of-rest-and-relaxation-vector-illustration.jpg], [200103,fashion,http://thumbs.dreamstime.com/x/fashion-icon-18366606.jpg], [200104,Appliances,http://thumbs.dreamstime.com/z/house-appliances-icon-color-set-33800647.jpg], [200105,babies,http://i.istockimg.com/file_thumbview_approve/7281946/2/stock-illustration-7281946-icon-set-babies.jpg], [200106,pet,http://thumbs.dreamstime.com/z/pets-icons-28777212.jpg], [200107,sport,http://thumbs.dreamstime.com/z/sport-icon-set-icons-31583430.jpg], [200108,atraction,http://thumb10.shutterstock.com/display_pic_with_logo/1364584/133152923/stock-vector-amusement-park-icons-133152923.jpg], [200109,gift,http://wcdn1.dataknet.com/static/resources/icons/set15/9110561d3ba50.png], [200110,kids,http://www.campaignforchildrennyc.com/wp-content/uploads/2012/03/KidsIcon.jpg]]
2014-05-25 22:40:18 INFO  CouponsMySqlDAO:576 - getAllObject :session close
2014-05-25 22:40:18 INFO  CouponsController:1342 - dateExpireCheck Start
2014-05-25 22:40:18 INFO  CouponsMySqlDAO:541 - Get All Object function started
2014-05-25 22:40:18 INFO  CouponsMySqlDAO:551 - Get All Object: [[1,1,Coupon1,/Couponix/couponAdmin/img/755714.jpg, details of coupon here, 2014-05-22 22:45:00.0, Category Name ,false ,32.01439,34.779973], [900100,500100,Columbus Deal,http://dealike.co.il/uploads/coupons/_zS1h.jpg, Daily Deal: not stay hungry! All You Can Eat at Columbus in Herzliya training includes appetizers, main, side dishes, hot drinks and desserts only 99 ?!, 2014-05-31 00:00:00.0, Restaurant ,true ,32.161156,34.809987], [900101,500101,Double Jerusalemy,http://www.deal4all.co.il/imagebank/00627/1396427510-96857_567x378.jpg,  Jerusalem Restaurant  Kosher meat restaurant specializes in kebabs and other delectable dishes, including vegetarian dishes  Preparation of local dishes from fresh ingredients and healthy, 2014-05-30 00:00:00.0, Restaurant ,true ,32.07567,34.772249], [900102,500102,Avazi Hatikva,http://shavhe.co.il/Campaigns/37/2385/Images/2385M.jpg?v=123, Buy unlimited vouchers  - Voucher is valid for 180 days  - Everyone who enters to Facebook and click Like Mkblmtna Lapiislhtzo here  , 2014-05-30 00:00:00.0, Restaurant ,true ,32.05198,34.791597], [900103,500103,Shipud ve mangal deal,http://shavhe.co.il/Campaigns/37/0/CampaignDocs/image/3.jpg, Skewer and grill is a successful restaurant, with seven years of experience and reputation., 2014-06-03 00:00:00.0, Restaurant ,true ,32.083867,34.803115], [900104,500104,Portable drinking bowl dog or cat,http://www.majnoon.co.il/sites/majnoon/_media/deals/0/878_dl_photo_0ba76.jpg, Excellent walks with pet  Also suitable for traveling, 2014-06-04 00:06:00.0, pet ,true ,32.048292,34.769031], [900105,500104,Women's shirts,http://www.majnoon.co.il/sites/majnoon/_media/deals/0/959_dl_photo_08645.jpg, Made of 100% cotton  Veteran American brand  Come as a set of three different colored shirts  Ownership round collar  American sizes S / M / L, 2014-05-30 00:00:00.0, fashion ,true ,32.048292,34.769031], [900106,500104,Shirts for toddlers,http://www.majnoon.co.il/sites/majnoon/_media/deals/0/950_dl_photo_slider4_e43f0.jpg, Shirts from FRUIT OF THE LOOM  Shirts made &#8203;&#8203;of 100% cotton  Suitable for boys and girls  Sizes range Ages 4-10  Not wear out even after many washings, 2014-06-03 00:00:00.0, kids ,true ,32.048292,34.769031], [900107,500105,Smart Tag for animals,http://www.finalsale.co.il/sites/finalsale/_media/deals/2/2485_dl_photo_050f5.jpg, Love your animal? Afraid it would be lost?  Smart tag animal PET CODE  Smart tag that connects to collar the animal.  ? can be scanned by any smartphone.  ? When scanning the tag will output the details of you and your pet and you will get, 2014-05-29 00:00:00.0, pet ,true ,32.035801,34.892697], [900108,500106,Glow in the dark dog collar,http://www.hadealhayomi.co.il/sites/yominew/_media/deals/6096_dl_photo_f4e9a.jpg, Who does not know the problem of dog owners for their night trips. The dog must release. The dog must release tension and release energy during the trip outdoors. Many of the dogs once they release strap, , 2014-06-11 00:00:00.0, pet ,true ,32.60988,35.28655], [900109,500107,Spacious dog kennel,http://www.hadealhayomi.co.il/sites/yominew/_media/deals/5/5329_dl_photo_662e1.jpg, Quality dog kennel pleasant and spacious: made &#8203;&#8203;of durable plastic all-weather, two colors to choose from  &#9830; Dimensions: 80X85X78 cm.  &#9830; colors to choose from: brown - chocolate or beige - green, 2014-06-05 00:00:00.0, pet ,true ,32.174764,34.93968], [900110,500108,Laptop - from Model Lenovo T61,http://www.hadealhayomi.co.il/sites/yominew/_media/deals/7568_dl_photo_6ad36.jpg, From Model Lenovo T61  ? Free Shipping  ? Delivery time - 10 business days every order.  ? Pictures for demonstration purposes only.  ? Errors and omissions excepted  Laptop - from Lenovo T61 model includes a one year warranty + operating system , 2014-06-11 00:00:00.0, Appliances ,true ,32.090649,34.803317], [900111,500108,800W Professional Mixer,http://www.hadealhayomi.co.il/sites/yominew/_media/deals/7405_dl_photo_d3867.jpg, The top of the mixer is made of plastic.  &#9830; 3 Mixers: whipping, mixing, kneading.  &#9830; The mixers are made of cast aluminum.  &#9830; Option cream 3 eggs or more.  &#9830; All accessories one button operated mixer.  &#9830; 6 operating speeds.  , 2014-06-17 00:00:00.0, gift ,true ,32.061813,34.857492], [900112,500109,Advanced mini disc system includes CD,http://www.hadealhayomi.co.il/sites/yominew/_media/deals/7386_dl_photo_90e9b.jpg, Advanced mini disc system includes CD and radio:  &#9830; with Digital Display  ? the possibility of playing discs in CD  &#9830; Radio includes AM / FM  &#9830; Radio Disc Remote Control Included  &#9830; with speakers 2 * 1W RMS , 2014-06-24 00:00:00.0, Appliances ,true ,32.061813,34.857492], [900113,500104,SWIMFREE 2 Parts Swimsuit Children's,http://www.hadealhayomi.co.il/sites/yominew/_media/deals/7123_dl_photo_slider1_68876.jpg, ? The voucher entitles children swimsuit (2 parts).  ? Select the desired model and measure the process of acquisition. , 2014-05-30 00:00:00.0, kids ,true ,32.048292,769031.0], [900114,500104,Overall babies SWIMFREE,http://www.hadealhayomi.co.il/sites/yominew/_media/deals/4/4416_dl_photo_215fe.jpg, Overall toddlers - a full zipper allows maximum comfort when changing diaper, comfortable clothing etc.. Custom made &#8203;&#8203;fabric water dries quickly, blocking solar radiation at the highest level of SPF +50 and resistant to chlorine., 2014-06-17 00:00:00.0, babies ,true ,32.048292,34.769031], [900115,500110,Hot Stone Massage Integrated ,http://dealike.co.il/uploads/coupons/_pM9s.jpg, Hot stones help to improve the general well being which is basically a method of healing and relaxing massage.  , 2014-05-30 00:00:00.0, SPA ,true ,31.240714,34.79163], [900120,500400,Yami yami Pastries,http://www.elis.co.il/_uploads/extraimg/IMG_9012.jpg, Hot and delicious pastries  Baked instead  Terry Terry  Just Yamiiiiii, 2014-06-27 00:00:00.0, Restaurant ,true ,32.013771,34.769397], [900121,500400,PIZZA,http://images.mouse.co.il/storage/3/5/gggggggg.jpg, Best tasting pizza in the world  Baked instead  2 free extras , golomb 20 holon , 2014-05-30 00:00:00.0, Restaurant ,true ,32.016905,34.767751], [900150,500100,pizza pazzzz,http://www.kitchen-line.co.il/files/Categoria/12908549599902.jpg, yami yami yami pizzzzaa, 2014-05-30 00:00:00.0, Restaurant ,true ,32.161834,34.808873]]
2014-05-25 22:40:18 INFO  CouponsMySqlDAO:576 - getAllObject :session close
2014-05-25 22:40:18 INFO  CouponsMySqlDAO:651 - get Coupon By Categories
2014-05-25 22:40:19 INFO  CouponsMySqlDAO:660 - create list of coupon by category :[[900104,500104,Portable drinking bowl dog or cat,http://www.majnoon.co.il/sites/majnoon/_media/deals/0/878_dl_photo_0ba76.jpg, Excellent walks with pet  Also suitable for traveling, 2014-06-04 00:06:00.0, pet ,true ,32.048292,34.769031], [900107,500105,Smart Tag for animals,http://www.finalsale.co.il/sites/finalsale/_media/deals/2/2485_dl_photo_050f5.jpg, Love your animal? Afraid it would be lost?  Smart tag animal PET CODE  Smart tag that connects to collar the animal.  ? can be scanned by any smartphone.  ? When scanning the tag will output the details of you and your pet and you will get, 2014-05-29 00:00:00.0, pet ,true ,32.035801,34.892697], [900108,500106,Glow in the dark dog collar,http://www.hadealhayomi.co.il/sites/yominew/_media/deals/6096_dl_photo_f4e9a.jpg, Who does not know the problem of dog owners for their night trips. The dog must release. The dog must release tension and release energy during the trip outdoors. Many of the dogs once they release strap, , 2014-06-11 00:00:00.0, pet ,true ,32.60988,35.28655], [900109,500107,Spacious dog kennel,http://www.hadealhayomi.co.il/sites/yominew/_media/deals/5/5329_dl_photo_662e1.jpg, Quality dog kennel pleasant and spacious: made &#8203;&#8203;of durable plastic all-weather, two colors to choose from  &#9830; Dimensions: 80X85X78 cm.  &#9830; colors to choose from: brown - chocolate or beige - green, 2014-06-05 00:00:00.0, pet ,true ,32.174764,34.93968]]
2014-05-25 22:40:19 INFO  CouponsMySqlDAO:684 - session close
2014-05-25 22:40:22 INFO  CouponsMySqlDAO:258 - session close 
2014-05-25 22:40:26 INFO  CouponsMySqlDAO:541 - Get All Object function started
2014-05-25 22:40:26 INFO  CouponsMySqlDAO:551 - Get All Object: [[1,Category Name,http://www.downstech.com.au/images/computer.jpg], [200100,Restaurant,http://www.iphoneil.net/icone/74549-icon.png], [200101,SPA,http://us.123rf.com/450wm/grgroup/grgroup1210/grgroup121000404/15889583-illustration-of-spa-icon-silhouette-with-position-of-rest-and-relaxation-vector-illustration.jpg], [200103,fashion,http://thumbs.dreamstime.com/x/fashion-icon-18366606.jpg], [200104,Appliances,http://thumbs.dreamstime.com/z/house-appliances-icon-color-set-33800647.jpg], [200105,babies,http://i.istockimg.com/file_thumbview_approve/7281946/2/stock-illustration-7281946-icon-set-babies.jpg], [200106,pet,http://thumbs.dreamstime.com/z/pets-icons-28777212.jpg], [200107,sport,http://thumbs.dreamstime.com/z/sport-icon-set-icons-31583430.jpg], [200108,atraction,http://thumb10.shutterstock.com/display_pic_with_logo/1364584/133152923/stock-vector-amusement-park-icons-133152923.jpg], [200109,gift,http://wcdn1.dataknet.com/static/resources/icons/set15/9110561d3ba50.png], [200110,kids,http://www.campaignforchildrennyc.com/wp-content/uploads/2012/03/KidsIcon.jpg]]
2014-05-25 22:40:26 INFO  CouponsMySqlDAO:576 - getAllObject :session close
